[0.000000] (-) TimerEvent: {}
[0.000323] (action_tutorials_interfaces) JobQueued: {'identifier': 'action_tutorials_interfaces', 'dependencies': OrderedDict()}
[0.001058] (action_tutorials_interfaces) JobStarted: {'identifier': 'action_tutorials_interfaces'}
[0.028255] (action_tutorials_interfaces) JobProgress: {'identifier': 'action_tutorials_interfaces', 'progress': 'cmake'}
[0.028759] (action_tutorials_interfaces) Command: {'cmd': ['/usr/bin/cmake', '/home/aaaa/Desktop/Smart-Mobility-Engineering-Lab/week_5_lab/ros2_ws/src/action_tutorials_interfaces', '-DCMAKE_INSTALL_PREFIX=/home/aaaa/Desktop/Smart-Mobility-Engineering-Lab/week_5_lab/ros2_ws/src/action_tutorials_interfaces/install/action_tutorials_interfaces'], 'cwd': '/home/aaaa/Desktop/Smart-Mobility-Engineering-Lab/week_5_lab/ros2_ws/src/action_tutorials_interfaces/build/action_tutorials_interfaces', 'env': OrderedDict([('GJS_DEBUG_TOPICS', 'JS ERROR;JS LOG'), ('LESSOPEN', '| /usr/bin/lesspipe %s'), ('USER', 'aaaa'), ('LC_TIME', 'en_US.UTF-8'), ('SSH_AGENT_PID', '1334'), ('XDG_SESSION_TYPE', 'x11'), ('SHLVL', '1'), ('LD_LIBRARY_PATH', '/usr/lib/x86_64-linux-gnu/gazebo-11/plugins:/opt/ros/foxy/opt/yaml_cpp_vendor/lib:/opt/ros/foxy/opt/rviz_ogre_vendor/lib:/opt/ros/foxy/lib/x86_64-linux-gnu:/opt/ros/foxy/lib'), ('HOME', '/home/aaaa'), ('OLDPWD', '/home/aaaa/Desktop/Smart-Mobility-Engineering-Lab/week_5_lab/ros2_ws/src/action_tutorials_interfaces/action'), ('DESKTOP_SESSION', 'ubuntu'), ('ROS_PYTHON_VERSION', '3'), ('GNOME_SHELL_SESSION_MODE', 'ubuntu'), ('GTK_MODULES', 'gail:atk-bridge'), ('LC_MONETARY', 'en_US.UTF-8'), ('MANAGERPID', '1087'), ('DBUS_SESSION_BUS_ADDRESS', 'unix:path=/run/user/1000/bus'), ('COLORTERM', 'truecolor'), ('IM_CONFIG_PHASE', '1'), ('COLCON_PREFIX_PATH', '/home/aaaa/colcon_ws/install'), ('ROS_DISTRO', 'foxy'), ('LOGNAME', 'aaaa'), ('JOURNAL_STREAM', '8:33605'), ('_', '/usr/bin/colcon'), ('ROS_VERSION', '2'), ('XDG_SESSION_CLASS', 'user'), ('USERNAME', 'aaaa'), ('TERM', 'xterm-256color'), ('GNOME_DESKTOP_SESSION_ID', 'this-is-deprecated'), ('ROS_LOCALHOST_ONLY', '0'), ('WINDOWPATH', '2'), ('PATH', '/opt/ros/foxy/bin:/usr/local/sbin:/usr/local/bin:/usr/sbin:/usr/bin:/sbin:/bin:/usr/games:/usr/local/games:/snap/bin'), ('SESSION_MANAGER', 'local/aaaa-400B4C-400B5C-200B4C-200B5C:@/tmp/.ICE-unix/1379,unix/aaaa-400B4C-400B5C-200B4C-200B5C:/tmp/.ICE-unix/1379'), ('INVOCATION_ID', '075973ec1f2846a28e21c2470d2e2e48'), ('PAPERSIZE', 'letter'), ('XDG_MENU_PREFIX', 'gnome-'), ('LC_ADDRESS', 'en_US.UTF-8'), ('GNOME_TERMINAL_SCREEN', '/org/gnome/Terminal/screen/5dce5d9c_024c_4b6a_bc9a_ab08b9c62947'), ('XDG_RUNTIME_DIR', '/run/user/1000'), ('DISPLAY', ':0'), ('LANG', 'en_US.UTF-8'), ('XDG_CURRENT_DESKTOP', 'ubuntu:GNOME'), ('LC_TELEPHONE', 'en_US.UTF-8'), ('XMODIFIERS', '@im=ibus'), ('XDG_SESSION_DESKTOP', 'ubuntu'), ('XAUTHORITY', '/run/user/1000/gdm/Xauthority'), ('LS_COLORS', 'rs=0:di=01;34:ln=01;36:mh=00:pi=40;33:so=01;35:do=01;35:bd=40;33;01:cd=40;33;01:or=40;31;01:mi=00:su=37;41:sg=30;43:ca=30;41:tw=30;42:ow=34;42:st=37;44:ex=01;32:*.tar=01;31:*.tgz=01;31:*.arc=01;31:*.arj=01;31:*.taz=01;31:*.lha=01;31:*.lz4=01;31:*.lzh=01;31:*.lzma=01;31:*.tlz=01;31:*.txz=01;31:*.tzo=01;31:*.t7z=01;31:*.zip=01;31:*.z=01;31:*.dz=01;31:*.gz=01;31:*.lrz=01;31:*.lz=01;31:*.lzo=01;31:*.xz=01;31:*.zst=01;31:*.tzst=01;31:*.bz2=01;31:*.bz=01;31:*.tbz=01;31:*.tbz2=01;31:*.tz=01;31:*.deb=01;31:*.rpm=01;31:*.jar=01;31:*.war=01;31:*.ear=01;31:*.sar=01;31:*.rar=01;31:*.alz=01;31:*.ace=01;31:*.zoo=01;31:*.cpio=01;31:*.7z=01;31:*.rz=01;31:*.cab=01;31:*.wim=01;31:*.swm=01;31:*.dwm=01;31:*.esd=01;31:*.jpg=01;35:*.jpeg=01;35:*.mjpg=01;35:*.mjpeg=01;35:*.gif=01;35:*.bmp=01;35:*.pbm=01;35:*.pgm=01;35:*.ppm=01;35:*.tga=01;35:*.xbm=01;35:*.xpm=01;35:*.tif=01;35:*.tiff=01;35:*.png=01;35:*.svg=01;35:*.svgz=01;35:*.mng=01;35:*.pcx=01;35:*.mov=01;35:*.mpg=01;35:*.mpeg=01;35:*.m2v=01;35:*.mkv=01;35:*.webm=01;35:*.ogm=01;35:*.mp4=01;35:*.m4v=01;35:*.mp4v=01;35:*.vob=01;35:*.qt=01;35:*.nuv=01;35:*.wmv=01;35:*.asf=01;35:*.rm=01;35:*.rmvb=01;35:*.flc=01;35:*.avi=01;35:*.fli=01;35:*.flv=01;35:*.gl=01;35:*.dl=01;35:*.xcf=01;35:*.xwd=01;35:*.yuv=01;35:*.cgm=01;35:*.emf=01;35:*.ogv=01;35:*.ogx=01;35:*.aac=00;36:*.au=00;36:*.flac=00;36:*.m4a=00;36:*.mid=00;36:*.midi=00;36:*.mka=00;36:*.mp3=00;36:*.mpc=00;36:*.ogg=00;36:*.ra=00;36:*.wav=00;36:*.oga=00;36:*.opus=00;36:*.spx=00;36:*.xspf=00;36:'), ('GNOME_TERMINAL_SERVICE', ':1.156'), ('SSH_AUTH_SOCK', '/run/user/1000/keyring/ssh'), ('ROS_DOMAIN_ID', '30'), ('AMENT_PREFIX_PATH', '/opt/ros/foxy'), ('SHELL', '/bin/bash'), ('LC_NAME', 'en_US.UTF-8'), ('QT_ACCESSIBILITY', '1'), ('GDMSESSION', 'ubuntu'), ('LESSCLOSE', '/usr/bin/lesspipe %s %s'), ('LC_MEASUREMENT', 'en_US.UTF-8'), ('GPG_AGENT_INFO', '/run/user/1000/gnupg/S.gpg-agent:0:1'), ('GJS_DEBUG_OUTPUT', 'stderr'), ('LC_IDENTIFICATION', 'en_US.UTF-8'), ('QT_IM_MODULE', 'ibus'), ('PWD', '/home/aaaa/Desktop/Smart-Mobility-Engineering-Lab/week_5_lab/ros2_ws/src/action_tutorials_interfaces/build/action_tutorials_interfaces'), ('LC_ALL', 'en_US.UTF-8'), ('XDG_CONFIG_DIRS', '/etc/xdg/xdg-ubuntu:/etc/xdg'), ('XDG_DATA_DIRS', '/usr/share/ubuntu:/usr/local/share/:/usr/share/:/var/lib/snapd/desktop'), ('PYTHONPATH', '/opt/ros/foxy/lib/python3.8/site-packages'), ('LC_NUMERIC', 'en_US.UTF-8'), ('LC_PAPER', 'en_US.UTF-8'), ('COLCON', '1'), ('VTE_VERSION', '6003')]), 'shell': False}
[0.098743] (-) TimerEvent: {}
[0.199513] (-) TimerEvent: {}
[0.265568] (action_tutorials_interfaces) StdoutLine: {'line': b'-- The C compiler identification is GNU 9.4.0\n'}
[0.299673] (-) TimerEvent: {}
[0.400226] (-) TimerEvent: {}
[0.445372] (action_tutorials_interfaces) StdoutLine: {'line': b'-- The CXX compiler identification is GNU 9.4.0\n'}
[0.457792] (action_tutorials_interfaces) StdoutLine: {'line': b'-- Check for working C compiler: /usr/bin/cc\n'}
[0.500349] (-) TimerEvent: {}
[0.575471] (action_tutorials_interfaces) StdoutLine: {'line': b'-- Check for working C compiler: /usr/bin/cc -- works\n'}
[0.578117] (action_tutorials_interfaces) StdoutLine: {'line': b'-- Detecting C compiler ABI info\n'}
[0.600549] (-) TimerEvent: {}
[0.697552] (action_tutorials_interfaces) StdoutLine: {'line': b'-- Detecting C compiler ABI info - done\n'}
[0.700626] (-) TimerEvent: {}
[0.716399] (action_tutorials_interfaces) StdoutLine: {'line': b'-- Detecting C compile features\n'}
[0.717118] (action_tutorials_interfaces) StdoutLine: {'line': b'-- Detecting C compile features - done\n'}
[0.725268] (action_tutorials_interfaces) StdoutLine: {'line': b'-- Check for working CXX compiler: /usr/bin/c++\n'}
[0.800821] (-) TimerEvent: {}
[0.871911] (action_tutorials_interfaces) StdoutLine: {'line': b'-- Check for working CXX compiler: /usr/bin/c++ -- works\n'}
[0.874714] (action_tutorials_interfaces) StdoutLine: {'line': b'-- Detecting CXX compiler ABI info\n'}
[0.900953] (-) TimerEvent: {}
[1.001392] (-) TimerEvent: {}
[1.002718] (action_tutorials_interfaces) StdoutLine: {'line': b'-- Detecting CXX compiler ABI info - done\n'}
[1.022156] (action_tutorials_interfaces) StdoutLine: {'line': b'-- Detecting CXX compile features\n'}
[1.022967] (action_tutorials_interfaces) StdoutLine: {'line': b'-- Detecting CXX compile features - done\n'}
[1.032463] (action_tutorials_interfaces) StdoutLine: {'line': b'-- Found ament_cmake: 0.9.12 (/opt/ros/foxy/share/ament_cmake/cmake)\n'}
[1.079400] (action_tutorials_interfaces) StdoutLine: {'line': b'-- Found PythonInterp: /usr/bin/python3 (found suitable version "3.8.10", minimum required is "3") \n'}
[1.080002] (action_tutorials_interfaces) StdoutLine: {'line': b'-- Using PYTHON_EXECUTABLE: /usr/bin/python3\n'}
[1.101533] (-) TimerEvent: {}
[1.201986] (-) TimerEvent: {}
[1.302359] (-) TimerEvent: {}
[1.386851] (action_tutorials_interfaces) StdoutLine: {'line': b'-- Found ament_lint_auto: 0.9.8 (/opt/ros/foxy/share/ament_lint_auto/cmake)\n'}
[1.402456] (-) TimerEvent: {}
[1.454999] (action_tutorials_interfaces) StderrLine: {'line': b"Error parsing '/home/aaaa/Desktop/Smart-Mobility-Engineering-Lab/week_5_lab/ros2_ws/src/action_tutorials_interfaces/package.xml':\n"}
[1.502579] (-) TimerEvent: {}
[1.602983] (-) TimerEvent: {}
[1.626710] (action_tutorials_interfaces) StderrLine: {'line': b'Traceback (most recent call last):\n'}
[1.626980] (action_tutorials_interfaces) StderrLine: {'line': b'  File "/usr/lib/python3/dist-packages/catkin_pkg/package.py", line 610, in parse_package_string\n'}
[1.627107] (action_tutorials_interfaces) StderrLine: {'line': b'    root = dom.parseString(data)\n'}
[1.627223] (action_tutorials_interfaces) StderrLine: {'line': b'  File "/usr/lib/python3.8/xml/dom/minidom.py", line 1969, in parseString\n'}
[1.627335] (action_tutorials_interfaces) StderrLine: {'line': b'    return expatbuilder.parseString(string)\n'}
[1.627444] (action_tutorials_interfaces) StderrLine: {'line': b'  File "/usr/lib/python3.8/xml/dom/expatbuilder.py", line 925, in parseString\n'}
[1.627556] (action_tutorials_interfaces) StderrLine: {'line': b'    return builder.parseString(string)\n'}
[1.627665] (action_tutorials_interfaces) StderrLine: {'line': b'  File "/usr/lib/python3.8/xml/dom/expatbuilder.py", line 223, in parseString\n'}
[1.627776] (action_tutorials_interfaces) StderrLine: {'line': b'    parser.Parse(string, True)\n'}
[1.627884] (action_tutorials_interfaces) StderrLine: {'line': b'xml.parsers.expat.ExpatError: junk after document element: line 20, column 0\n'}
[1.627992] (action_tutorials_interfaces) StderrLine: {'line': b'\n'}
[1.628099] (action_tutorials_interfaces) StderrLine: {'line': b'During handling of the above exception, another exception occurred:\n'}
[1.628208] (action_tutorials_interfaces) StderrLine: {'line': b'\n'}
[1.628316] (action_tutorials_interfaces) StderrLine: {'line': b'Traceback (most recent call last):\n'}
[1.628423] (action_tutorials_interfaces) StderrLine: {'line': b'  File "/opt/ros/foxy/share/ament_cmake_core/cmake/core/package_xml_2_cmake.py", line 143, in <module>\n'}
[1.628530] (action_tutorials_interfaces) StderrLine: {'line': b'    main()\n'}
[1.628659] (action_tutorials_interfaces) StderrLine: {'line': b'  File "/opt/ros/foxy/share/ament_cmake_core/cmake/core/package_xml_2_cmake.py", line 52, in main\n'}
[1.628834] (action_tutorials_interfaces) StderrLine: {'line': b'    raise e\n'}
[1.629023] (action_tutorials_interfaces) StderrLine: {'line': b'  File "/opt/ros/foxy/share/ament_cmake_core/cmake/core/package_xml_2_cmake.py", line 48, in main\n'}
[1.629188] (action_tutorials_interfaces) StderrLine: {'line': b'    package = parse_package_string(\n'}
[1.629354] (action_tutorials_interfaces) StderrLine: {'line': b'  File "/usr/lib/python3/dist-packages/catkin_pkg/package.py", line 612, in parse_package_string\n'}
[1.629537] (action_tutorials_interfaces) StderrLine: {'line': b"    raise InvalidPackage('The manifest contains invalid XML:\\n%s' % ex, filename)\n"}
[1.629668] (action_tutorials_interfaces) StderrLine: {'line': b"catkin_pkg.package.InvalidPackage: Error(s) in package '/home/aaaa/Desktop/Smart-Mobility-Engineering-Lab/week_5_lab/ros2_ws/src/action_tutorials_interfaces/package.xml':\n"}
[1.629813] (action_tutorials_interfaces) StderrLine: {'line': b'The manifest contains invalid XML:\n'}
[1.629931] (action_tutorials_interfaces) StderrLine: {'line': b'junk after document element: line 20, column 0\n'}
[1.661045] (action_tutorials_interfaces) StderrLine: {'line': b'CMake Error at /opt/ros/foxy/share/ament_cmake_core/cmake/core/ament_package_xml.cmake:94 (message):\n'}
[1.661487] (action_tutorials_interfaces) StderrLine: {'line': b'  execute_process(/usr/bin/python3\n'}
[1.661750] (action_tutorials_interfaces) StderrLine: {'line': b'  /opt/ros/foxy/share/ament_cmake_core/cmake/core/package_xml_2_cmake.py\n'}
[1.662057] (action_tutorials_interfaces) StderrLine: {'line': b'  /home/aaaa/Desktop/Smart-Mobility-Engineering-Lab/week_5_lab/ros2_ws/src/action_tutorials_interfaces/package.xml\n'}
[1.662310] (action_tutorials_interfaces) StderrLine: {'line': b'  /home/aaaa/Desktop/Smart-Mobility-Engineering-Lab/week_5_lab/ros2_ws/src/action_tutorials_interfaces/build/action_tutorials_interfaces/ament_cmake_core/package.cmake)\n'}
[1.662556] (action_tutorials_interfaces) StderrLine: {'line': b'  returned error code 1\n'}
[1.662775] (action_tutorials_interfaces) StderrLine: {'line': b'Call Stack (most recent call first):\n'}
[1.663024] (action_tutorials_interfaces) StderrLine: {'line': b'  /opt/ros/foxy/share/ament_cmake_core/cmake/core/ament_package_xml.cmake:49 (_ament_package_xml)\n'}
[1.663210] (action_tutorials_interfaces) StderrLine: {'line': b'  /opt/ros/foxy/share/ament_lint_auto/cmake/ament_lint_auto_find_test_dependencies.cmake:31 (ament_package_xml)\n'}
[1.663569] (action_tutorials_interfaces) StderrLine: {'line': b'  CMakeLists.txt:32 (ament_lint_auto_find_test_dependencies)\n'}
[1.663805] (action_tutorials_interfaces) StderrLine: {'line': b'\n'}
[1.663991] (action_tutorials_interfaces) StderrLine: {'line': b'\n'}
[1.664166] (action_tutorials_interfaces) StdoutLine: {'line': b'-- Configuring incomplete, errors occurred!\n'}
[1.664354] (action_tutorials_interfaces) StdoutLine: {'line': b'See also "/home/aaaa/Desktop/Smart-Mobility-Engineering-Lab/week_5_lab/ros2_ws/src/action_tutorials_interfaces/build/action_tutorials_interfaces/CMakeFiles/CMakeOutput.log".\n'}
[1.669708] (action_tutorials_interfaces) CommandEnded: {'returncode': 1}
[1.671492] (action_tutorials_interfaces) JobEnded: {'identifier': 'action_tutorials_interfaces', 'rc': 1}
[1.683033] (-) EventReactorShutdown: {}
